2025-01-30 16:03:40.757 | INFO     | utils_logger:<module>:41 - Logging to file: logs\project_log.log
2025-01-30 16:03:40.757 | INFO     | __main__:main:93 - Starting CSV fetch demonstration...
2025-01-30 16:03:40.757 | INFO     | __main__:fetch_csv_file:52 - Fetching CSV data from https://raw.githubusercontent.com/MainakRepositor/Datasets/master/World%20Happiness%20Data/2020.csv...
2025-01-30 16:03:41.246 | INFO     | __main__:write_csv_file:76 - Writing CSV data to example_data\2020_happiness.csv...
2025-01-30 16:03:41.248 | INFO     | __main__:write_csv_file:80 - SUCCESS: CSV data written to example_data\2020_happiness.csv
2025-01-30 16:03:41.249 | INFO     | __main__:fetch_csv_file:56 - SUCCESS: CSV file fetched and saved as 2020_happiness.csv
2025-01-30 16:07:29.382 | INFO     | utils_logger:<module>:41 - Logging to file: logs\project_log.log
2025-01-30 16:07:29.383 | INFO     | __main__:main:93 - Starting Excel fetch demonstration...
2025-01-30 16:07:29.383 | INFO     | __main__:fetch_excel_file:52 - Fetching Excel data from https://raw.githubusercontent.com/denisecase/datafun-03-analytics/main/hosted/Feedback.xlsx...
2025-01-30 16:07:29.876 | INFO     | __main__:write_excel_file:76 - Writing Excel data to example_data\feedback.xlsx...
2025-01-30 16:07:29.878 | INFO     | __main__:write_excel_file:80 - SUCCESS: Excel data written to example_data\feedback.xlsx
2025-01-30 16:07:29.879 | INFO     | __main__:fetch_excel_file:56 - SUCCESS: Excel file fetched and saved as feedback.xlsx
2025-01-30 16:07:39.663 | INFO     | utils_logger:<module>:41 - Logging to file: logs\project_log.log
2025-01-30 16:07:39.664 | INFO     | __main__:main:94 - Starting JSON fetch demonstration...
2025-01-30 16:07:39.664 | INFO     | __main__:fetch_json_file:53 - Fetching JSON data from http://api.open-notify.org/astros.json...
2025-01-30 16:07:40.905 | INFO     | __main__:write_json_file:77 - Writing JSON data to example_data\astros.json...
2025-01-30 16:07:40.908 | INFO     | __main__:write_json_file:81 - SUCCESS: JSON data written to example_data\astros.json
2025-01-30 16:07:40.908 | INFO     | __main__:fetch_json_file:57 - SUCCESS: JSON file fetched and saved as astros.json
2025-01-30 16:07:50.690 | INFO     | utils_logger:<module>:41 - Logging to file: logs\project_log.log
2025-01-30 16:07:50.690 | INFO     | __main__:main:93 - Starting text fetch demonstration...
2025-01-30 16:07:50.690 | INFO     | __main__:fetch_txt_file:52 - Fetching text data from https://raw.githubusercontent.com/denisecase/datafun-03-analytics/main/hosted/romeo.txt...
2025-01-30 16:07:51.131 | INFO     | __main__:write_txt_file:76 - Writing data to example_data\romeo.txt...
2025-01-30 16:07:51.134 | INFO     | __main__:write_txt_file:80 - SUCCESS: Data written to example_data\romeo.txt
2025-01-30 16:07:51.135 | INFO     | __main__:fetch_txt_file:56 - SUCCESS: Text file fetched and saved as romeo.txt
2025-01-30 16:08:09.674 | INFO     | utils_logger:<module>:41 - Logging to file: logs\project_log.log
2025-01-30 16:08:09.674 | INFO     | __main__:<module>:78 - Starting CSV processing...
2025-01-30 16:08:09.679 | INFO     | __main__:process_csv_file:71 - Processed CSV file: example_data\2020_happiness.csv, Statistics saved to: example_processed\happiness_ladder_score_stats.txt
2025-01-30 16:08:09.680 | INFO     | __main__:<module>:80 - CSV processing complete.
2025-01-30 16:08:21.223 | INFO     | utils_logger:<module>:41 - Logging to file: logs\project_log.log
2025-01-30 16:08:21.224 | INFO     | __main__:<module>:61 - Starting Excel processing...
2025-01-30 16:08:21.244 | INFO     | __main__:process_excel_file:54 - Processed Excel file: example_data\feedback.xlsx, Word count saved to: example_processed\excel_feedback_github_count.txt
2025-01-30 16:08:21.245 | INFO     | __main__:<module>:63 - Excel processing complete.
2025-01-30 16:08:28.276 | INFO     | utils_logger:<module>:41 - Logging to file: logs\project_log.log
2025-01-30 16:08:28.276 | INFO     | __main__:<module>:84 - Starting JSON processing...
2025-01-30 16:08:28.278 | INFO     | __main__:process_json_file:77 - Processed JSON file: example_data\astros.json, Results saved to: example_processed\json_astronauts_by_craft.txt
2025-01-30 16:08:28.279 | INFO     | __main__:<module>:86 - JSON processing complete.
2025-01-30 16:08:35.171 | INFO     | utils_logger:<module>:41 - Logging to file: logs\project_log.log
2025-01-30 16:08:35.172 | INFO     | __main__:<module>:52 - Starting text processing...
2025-01-30 16:08:35.174 | INFO     | __main__:process_text_file:45 - Processed text file: example_data\romeo.txt, Word count saved to: example_processed\text_romeo_word_count.txt
2025-01-30 16:08:35.175 | INFO     | __main__:<module>:54 - Text processing complete.
2025-01-30 19:36:13.467 | INFO     | utils_logger:<module>:41 - Logging to file: logs\project_log.log
2025-01-30 19:36:13.468 | INFO     | __main__:main:91 - Starting Excel fetch demonstration...
2025-01-30 19:36:13.468 | INFO     | __main__:fetch_excel_file:50 - Fetching Excel data from https://databank.worldbank.org/data/download/POP.xlsx...
2025-01-30 19:36:14.731 | INFO     | __main__:write_excel_file:74 - Writing Excel data to data\world_population.xlsx...
2025-01-30 19:36:14.733 | INFO     | __main__:write_excel_file:78 - SUCCESS: Excel data written to data\world_population.xlsx
2025-01-30 19:36:14.734 | INFO     | __main__:fetch_excel_file:54 - SUCCESS: Excel file fetched and saved as world_population.xlsx
2025-01-30 21:07:23.180 | INFO     | utils_logger:<module>:41 - Logging to file: logs\project_log.log
2025-01-30 21:07:23.180 | INFO     | __main__:main:93 - Starting CSV fetch demonstration...
2025-01-30 21:07:23.181 | INFO     | __main__:fetch_csv_file:52 - Fetching CSV data from https://raw.githubusercontent.com/owid/covid-19-data/refs/heads/master/public/data/latest/owid-covid-latest.csv...
2025-01-30 21:07:24.113 | INFO     | __main__:write_csv_file:76 - Writing CSV data to data\covid_19_data.csv...
2025-01-30 21:07:24.116 | INFO     | __main__:write_csv_file:80 - SUCCESS: CSV data written to data\covid_19_data.csv
2025-01-30 21:07:24.116 | INFO     | __main__:fetch_csv_file:56 - SUCCESS: CSV file fetched and saved as covid_19_data.csv
2025-01-30 21:24:29.240 | INFO     | utils_logger:<module>:41 - Logging to file: logs\project_log.log
2025-01-30 21:24:29.241 | INFO     | __main__:main:95 - Starting JSON fetch demonstration...
2025-01-30 21:24:29.241 | INFO     | __main__:fetch_json_file:54 - Fetching JSON data from https://raw.githubusercontent.com/sharmadhiraj/free-json-datasets/refs/heads/master/datasets/premier-league-points-table.json...
2025-01-30 21:24:29.452 | INFO     | __main__:write_json_file:78 - Writing JSON data to data\premier_league_table.json...
2025-01-30 21:24:29.467 | INFO     | __main__:write_json_file:82 - SUCCESS: JSON data written to data\premier_league_table.json
2025-01-30 21:24:29.468 | INFO     | __main__:fetch_json_file:58 - SUCCESS: JSON file fetched and saved as premier_league_table.json
2025-01-30 21:49:19.061 | INFO     | utils_logger:<module>:41 - Logging to file: logs\project_log.log
2025-01-30 21:49:19.061 | INFO     | __main__:main:93 - Starting text fetch demonstration...
2025-01-30 21:49:19.061 | INFO     | __main__:fetch_txt_file:52 - Fetching text data from https://www.gutenberg.org/files/2701/2701-0.txt...
2025-01-30 21:49:19.486 | INFO     | __main__:write_txt_file:76 - Writing data to data\moby_dick.txt...
2025-01-30 21:59:59.444 | INFO     | utils_logger:<module>:41 - Logging to file: logs\project_log.log
2025-01-30 21:59:59.444 | INFO     | __main__:main:93 - Starting text fetch demonstration...
2025-01-30 21:59:59.444 | INFO     | __main__:fetch_txt_file:52 - Fetching text data from https://www.gutenberg.org/files/2701/2701-0.txt...
2025-01-30 21:59:59.843 | INFO     | __main__:write_txt_file:76 - Writing data to data\moby_dick.txt...
2025-01-30 21:59:59.848 | INFO     | __main__:write_txt_file:80 - SUCCESS: Data written to data\moby_dick.txt
2025-01-30 21:59:59.849 | INFO     | __main__:fetch_txt_file:56 - SUCCESS: Text file fetched and saved as moby_dick.txt
2025-01-31 12:35:50.682 | INFO     | utils_logger:<module>:41 - Logging to file: logs\project_log.log
2025-01-31 12:35:50.683 | INFO     | __main__:<module>:101 - Starting COVID-19 CSV processing...
2025-01-31 12:35:50.688 | INFO     | __main__:process_csv_file:94 - Processed CSV file: data\covid_19_data.csv, Statistics saved to: data_processed\covid_cases_by_continent.txt
2025-01-31 12:35:50.689 | INFO     | __main__:<module>:103 - CSV processing complete.
2025-01-31 12:44:49.652 | INFO     | utils_logger:<module>:41 - Logging to file: logs\project_log.log
2025-01-31 12:44:49.653 | INFO     | __main__:<module>:90 - Starting COVID-19 CSV processing...
2025-01-31 12:44:49.657 | INFO     | __main__:process_csv_file:83 - Processed CSV file: data\covid_19_data.csv, Statistics saved to: data_processed\covid_cases_by_continent.txt
2025-01-31 12:44:49.658 | INFO     | __main__:<module>:92 - CSV processing complete.
